<?xml version="1.0" encoding="UTF-8"?>
<!-- Generated by org.testng.reporters.JUnitXMLReporter -->
<testsuite ignored="0" hostname="DESKTOP-GB2J7M6" failures="0" tests="9" name="Test" time="228.463" errors="0" timestamp="2023-07-27T17:36:52 IST">
  <testcase classname="Com.Ecommerce.TestCases.TC_LoginDataTest" name="LoginData" time="6.59"/>
  <testcase classname="Com.Ecommerce.TestCases.TC_LoginDataTest" name="LoginData" time="3.724"/>
  <testcase classname="Com.Ecommerce.TestCases.TC_LoginDataTest" name="LoginData" time="3.96"/>
  <testcase classname="Com.Ecommerce.TestCases.TC_LoginDataTest" name="LoginData" time="3.977"/>
  <testcase classname="Com.Ecommerce.TestCases.TC_LoginDataTest" name="LoginData" time="3.293"/>
  <testcase classname="Com.Ecommerce.TestCases.TC_NewRegistrationTestCases" name="Registration" time="3.715"/>
  <testcase classname="Com.Ecommerce.TestCases.TC_AddToCart" name="AddProduct" time="31.47"/>
  <testcase classname="Com.Ecommerce.TestCases.TC_LoginApplication" name="Login" time="6.14"/>
  <testcase classname="Com.Ecommerce.TestCases.TC_BrokenLinks" name="Broken_Links" time="91.843"/>
</testsuite> <!-- Test -->
