<?xml version="1.0" encoding="UTF-8"?>
<testsuite xmlns:xsi="http://www.w3.org/2001/XMLSchema-instance" xsi:noNamespaceSchemaLocation="https://maven.apache.org/surefire/maven-surefire-plugin/xsd/surefire-test-report-3.0.xsd" version="3.0" name="TestSuite" time="229.9" tests="9" errors="0" skipped="0" failures="0">
  <properties>
[...]
</properties>
  <testcase name="LoginData[Aditya11111@gmail.com, Aditya@123, Valid](1)" classname="Com.Ecommerce.TestCases.TC_LoginDataTest" time="6.603">
    <system-out><![CDATA[ INFO [main] (Ecommerce_BaseClass.java:46)- Open Browser
 INFO [main] (Ecommerce_BaseClass.java:50)- Maximize the browser
 INFO [main] (Ecommerce_BaseClass.java:58)- Open application
 INFO [main] (TC_LoginDataTest.java:23)- Enter the user email
 INFO [main] (TC_LoginDataTest.java:28)- Enter the user password
 INFO [main] (TC_LoginDataTest.java:31)- Click on the login button
 INFO [main] (TC_LoginDataTest.java:41)- Login test case pass
]]></system-out>
    <system-err><![CDATA[SLF4J: No SLF4J providers were found.
SLF4J: Defaulting to no-operation (NOP) logger implementation
SLF4J: See https://www.slf4j.org/codes.html#noProviders for further details.
ERROR StatusLogger Log4j2 could not find a logging implementation. Please add log4j-core to the classpath. Using SimpleLogger to log to the console...
Jul 27, 2023 5:33:05 PM org.openqa.selenium.remote.service.DriverService$Builder getLogOutput
INFO: Driver logs no longer sent to console by default; https://www.selenium.dev/documentation/webdriver/drivers/service/#setting-log-output
Jul 27, 2023 5:33:07 PM org.openqa.selenium.devtools.CdpVersionFinder findNearestMatch
WARNING: Unable to find an exact match for CDP version 115, so returning the closest version found: 114
]]></system-err>
  </testcase>
  <testcase name="LoginData[Akash@gmail.com, Akash@1234, Invalid](2)" classname="Com.Ecommerce.TestCases.TC_LoginDataTest" time="3.725">
    <system-out><![CDATA[ INFO [main] (Ecommerce_BaseClass.java:46)- Open Browser
 INFO [main] (Ecommerce_BaseClass.java:50)- Maximize the browser
 INFO [main] (Ecommerce_BaseClass.java:58)- Open application
 INFO [main] (TC_LoginDataTest.java:23)- Enter the user email
 INFO [main] (TC_LoginDataTest.java:28)- Enter the user password
 INFO [main] (TC_LoginDataTest.java:31)- Click on the login button
 INFO [main] (TC_LoginDataTest.java:55)- Login test case failed
]]></system-out>
    <system-err><![CDATA[Jul 27, 2023 5:33:22 PM org.openqa.selenium.remote.service.DriverService$Builder getLogOutput
INFO: Driver logs no longer sent to console by default; https://www.selenium.dev/documentation/webdriver/drivers/service/#setting-log-output
Jul 27, 2023 5:33:23 PM org.openqa.selenium.devtools.CdpVersionFinder findNearestMatch
WARNING: Unable to find an exact match for CDP version 115, so returning the closest version found: 114
]]></system-err>
  </testcase>
  <testcase name="LoginData[Akas1h@gmail.com, Akash@123, Invalid](3)" classname="Com.Ecommerce.TestCases.TC_LoginDataTest" time="3.965">
    <system-out><![CDATA[ INFO [main] (Ecommerce_BaseClass.java:46)- Open Browser
 INFO [main] (Ecommerce_BaseClass.java:50)- Maximize the browser
 INFO [main] (Ecommerce_BaseClass.java:58)- Open application
 INFO [main] (TC_LoginDataTest.java:23)- Enter the user email
 INFO [main] (TC_LoginDataTest.java:28)- Enter the user password
 INFO [main] (TC_LoginDataTest.java:31)- Click on the login button
 INFO [main] (TC_LoginDataTest.java:55)- Login test case failed
]]></system-out>
    <system-err><![CDATA[Jul 27, 2023 5:33:34 PM org.openqa.selenium.remote.service.DriverService$Builder getLogOutput
INFO: Driver logs no longer sent to console by default; https://www.selenium.dev/documentation/webdriver/drivers/service/#setting-log-output
Jul 27, 2023 5:33:35 PM org.openqa.selenium.devtools.CdpVersionFinder findNearestMatch
WARNING: Unable to find an exact match for CDP version 115, so returning the closest version found: 114
]]></system-err>
  </testcase>
  <testcase name="LoginData[Akas@gmail.com, Akas@1236, Invalid](4)" classname="Com.Ecommerce.TestCases.TC_LoginDataTest" time="3.978">
    <system-out><![CDATA[ INFO [main] (Ecommerce_BaseClass.java:46)- Open Browser
 INFO [main] (Ecommerce_BaseClass.java:50)- Maximize the browser
 INFO [main] (Ecommerce_BaseClass.java:58)- Open application
 INFO [main] (TC_LoginDataTest.java:23)- Enter the user email
 INFO [main] (TC_LoginDataTest.java:28)- Enter the user password
 INFO [main] (TC_LoginDataTest.java:31)- Click on the login button
 INFO [main] (TC_LoginDataTest.java:55)- Login test case failed
]]></system-out>
    <system-err><![CDATA[Jul 27, 2023 5:33:46 PM org.openqa.selenium.remote.service.DriverService$Builder getLogOutput
INFO: Driver logs no longer sent to console by default; https://www.selenium.dev/documentation/webdriver/drivers/service/#setting-log-output
Jul 27, 2023 5:33:47 PM org.openqa.selenium.devtools.CdpVersionFinder findNearestMatch
WARNING: Unable to find an exact match for CDP version 115, so returning the closest version found: 114
]]></system-err>
  </testcase>
  <testcase name="LoginData[Akash@gmail.com, Akash@12371, Invalid](5)" classname="Com.Ecommerce.TestCases.TC_LoginDataTest" time="3.293">
    <system-out><![CDATA[ INFO [main] (Ecommerce_BaseClass.java:46)- Open Browser
 INFO [main] (Ecommerce_BaseClass.java:50)- Maximize the browser
 INFO [main] (Ecommerce_BaseClass.java:58)- Open application
 INFO [main] (TC_LoginDataTest.java:23)- Enter the user email
 INFO [main] (TC_LoginDataTest.java:28)- Enter the user password
 INFO [main] (TC_LoginDataTest.java:31)- Click on the login button
 INFO [main] (TC_LoginDataTest.java:55)- Login test case failed
]]></system-out>
    <system-err><![CDATA[Jul 27, 2023 5:33:57 PM org.openqa.selenium.remote.service.DriverService$Builder getLogOutput
INFO: Driver logs no longer sent to console by default; https://www.selenium.dev/documentation/webdriver/drivers/service/#setting-log-output
Jul 27, 2023 5:33:58 PM org.openqa.selenium.devtools.CdpVersionFinder findNearestMatch
WARNING: Unable to find an exact match for CDP version 115, so returning the closest version found: 114
]]></system-err>
  </testcase>
  <testcase name="Registration" classname="Com.Ecommerce.TestCases.TC_NewRegistrationTestCases" time="3.714">
    <system-out><![CDATA[ INFO [main] (Ecommerce_BaseClass.java:46)- Open Browser
 INFO [main] (Ecommerce_BaseClass.java:50)- Maximize the browser
 INFO [main] (Ecommerce_BaseClass.java:58)- Open application
Created users
]]></system-out>
    <system-err><![CDATA[Jul 27, 2023 5:34:08 PM org.openqa.selenium.remote.service.DriverService$Builder getLogOutput
INFO: Driver logs no longer sent to console by default; https://www.selenium.dev/documentation/webdriver/drivers/service/#setting-log-output
Jul 27, 2023 5:34:09 PM org.openqa.selenium.devtools.CdpVersionFinder findNearestMatch
WARNING: Unable to find an exact match for CDP version 115, so returning the closest version found: 114
]]></system-err>
  </testcase>
  <testcase name="AddProduct" classname="Com.Ecommerce.TestCases.TC_AddToCart" time="31.47">
    <system-out><![CDATA[ INFO [main] (Ecommerce_BaseClass.java:46)- Open Browser
 INFO [main] (Ecommerce_BaseClass.java:50)- Maximize the browser
 INFO [main] (Ecommerce_BaseClass.java:58)- Open application
 INFO [main] (TC_AddToCart.java:16)- Open URL
 INFO [main] (TC_AddToCart.java:20)- Enter User mail
 INFO [main] (TC_AddToCart.java:23)- Enter User password
 INFO [main] (TC_AddToCart.java:26)- Clicked on login button
 INFO [main] (TC_AddToCart.java:37)- Mouseover on computer
 INFO [main] (TC_AddToCart.java:40)- Clicked on NotebookText
 INFO [main] (TC_AddToCart.java:45)- Product selected
 INFO [main] (TC_AddToCart.java:48)- Add to cart
 INFO [main] (TC_AddToCart.java:51)- Verified message
 INFO [main] (TC_AddToCart.java:54)- Clicked on close Tab
 INFO [main] (TC_Ecommerce_AddToCart.java:65)- add to cart test case pass
]]></system-out>
    <system-err><![CDATA[Jul 27, 2023 5:34:19 PM org.openqa.selenium.remote.service.DriverService$Builder getLogOutput
INFO: Driver logs no longer sent to console by default; https://www.selenium.dev/documentation/webdriver/drivers/service/#setting-log-output
Jul 27, 2023 5:34:19 PM org.openqa.selenium.devtools.CdpVersionFinder findNearestMatch
WARNING: Unable to find an exact match for CDP version 115, so returning the closest version found: 114
]]></system-err>
  </testcase>
  <testcase name="Login" classname="Com.Ecommerce.TestCases.TC_LoginApplication" time="6.145">
    <system-out><![CDATA[ INFO [main] (Ecommerce_BaseClass.java:46)- Open Browser
 INFO [main] (Ecommerce_BaseClass.java:50)- Maximize the browser
 INFO [main] (Ecommerce_BaseClass.java:58)- Open application
 INFO [main] (TC_LoginApplication.java:17)- Enter the user email
 INFO [main] (TC_LoginApplication.java:22)- Enter the user Password
 INFO [main] (TC_LoginApplication.java:25)- Click on the login button
 INFO [main] (TC_LoginApplication.java:32)- Login test case pass
]]></system-out>
    <system-err><![CDATA[Jul 27, 2023 5:34:58 PM org.openqa.selenium.remote.service.DriverService$Builder getLogOutput
INFO: Driver logs no longer sent to console by default; https://www.selenium.dev/documentation/webdriver/drivers/service/#setting-log-output
Jul 27, 2023 5:34:59 PM org.openqa.selenium.devtools.CdpVersionFinder findNearestMatch
WARNING: Unable to find an exact match for CDP version 115, so returning the closest version found: 114
]]></system-err>
  </testcase>
  <testcase name="Broken_Links" classname="Com.Ecommerce.TestCases.TC_BrokenLinks" time="91.848">
    <system-out><![CDATA[ INFO [main] (Ecommerce_BaseClass.java:46)- Open Browser
 INFO [main] (Ecommerce_BaseClass.java:50)- Maximize the browser
 INFO [main] (Ecommerce_BaseClass.java:58)- Open application
Total links ==62
Active links==61
200--->https://demo.nopcommerce.com/register?returnUrl=%2FloginIs ---> Valid links
200--->https://demo.nopcommerce.com/login?returnUrl=%2FloginIs ---> Valid links
200--->https://demo.nopcommerce.com/wishlistIs ---> Valid links
200--->https://demo.nopcommerce.com/cartIs ---> Valid links
200--->https://demo.nopcommerce.com/Is ---> Valid links
200--->https://demo.nopcommerce.com/computersIs ---> Valid links
200--->https://demo.nopcommerce.com/desktopsIs ---> Valid links
200--->https://demo.nopcommerce.com/notebooksIs ---> Valid links
200--->https://demo.nopcommerce.com/softwareIs ---> Valid links
200--->https://demo.nopcommerce.com/electronicsIs ---> Valid links
200--->https://demo.nopcommerce.com/camera-photoIs ---> Valid links
200--->https://demo.nopcommerce.com/cell-phonesIs ---> Valid links
200--->https://demo.nopcommerce.com/othersIs ---> Valid links
200--->https://demo.nopcommerce.com/apparelIs ---> Valid links
200--->https://demo.nopcommerce.com/shoesIs ---> Valid links
200--->https://demo.nopcommerce.com/clothingIs ---> Valid links
200--->https://demo.nopcommerce.com/accessoriesIs ---> Valid links
200--->https://demo.nopcommerce.com/digital-downloadsIs ---> Valid links
200--->https://demo.nopcommerce.com/booksIs ---> Valid links
200--->https://demo.nopcommerce.com/jewelryIs ---> Valid links
200--->https://demo.nopcommerce.com/gift-cardsIs ---> Valid links
200--->https://demo.nopcommerce.com/computersIs ---> Valid links
200--->https://demo.nopcommerce.com/desktopsIs ---> Valid links
200--->https://demo.nopcommerce.com/notebooksIs ---> Valid links
200--->https://demo.nopcommerce.com/softwareIs ---> Valid links
200--->https://demo.nopcommerce.com/electronicsIs ---> Valid links
200--->https://demo.nopcommerce.com/camera-photoIs ---> Valid links
200--->https://demo.nopcommerce.com/cell-phonesIs ---> Valid links
200--->https://demo.nopcommerce.com/othersIs ---> Valid links
200--->https://demo.nopcommerce.com/apparelIs ---> Valid links
200--->https://demo.nopcommerce.com/shoesIs ---> Valid links
200--->https://demo.nopcommerce.com/clothingIs ---> Valid links
200--->https://demo.nopcommerce.com/accessoriesIs ---> Valid links
200--->https://demo.nopcommerce.com/digital-downloadsIs ---> Valid links
200--->https://demo.nopcommerce.com/booksIs ---> Valid links
200--->https://demo.nopcommerce.com/jewelryIs ---> Valid links
200--->https://demo.nopcommerce.com/gift-cardsIs ---> Valid links
200--->https://demo.nopcommerce.com/passwordrecoveryIs ---> Valid links
200--->https://demo.nopcommerce.com/sitemapIs ---> Valid links
200--->https://demo.nopcommerce.com/shipping-returnsIs ---> Valid links
200--->https://demo.nopcommerce.com/privacy-noticeIs ---> Valid links
200--->https://demo.nopcommerce.com/conditions-of-useIs ---> Valid links
200--->https://demo.nopcommerce.com/about-usIs ---> Valid links
200--->https://demo.nopcommerce.com/contactusIs ---> Valid links
200--->https://demo.nopcommerce.com/searchIs ---> Valid links
200--->https://demo.nopcommerce.com/newsIs ---> Valid links
200--->https://demo.nopcommerce.com/blogIs ---> Valid links
200--->https://demo.nopcommerce.com/recentlyviewedproductsIs ---> Valid links
200--->https://demo.nopcommerce.com/compareproductsIs ---> Valid links
200--->https://demo.nopcommerce.com/newproductsIs ---> Valid links
302--->https://demo.nopcommerce.com/customer/infoIs ---> Valid links
302--->https://demo.nopcommerce.com/order/historyIs ---> Valid links
302--->https://demo.nopcommerce.com/customer/addressesIs ---> Valid links
200--->https://demo.nopcommerce.com/cartIs ---> Valid links
200--->https://demo.nopcommerce.com/wishlistIs ---> Valid links
302--->https://demo.nopcommerce.com/vendor/applyIs ---> Valid links
301--->http://www.facebook.com/nopCommerceIs ---> Valid links
302--->https://twitter.com/nopCommerceIs ---> Valid links
200--->https://demo.nopcommerce.com/news/rss/1Is ---> Valid links
301--->http://www.youtube.com/user/nopCommerceIs ---> Valid links
301--->https://www.nopcommerce.com/Is ---> Valid links
Number of broken links:0
]]></system-out>
    <system-err><![CDATA[Jul 27, 2023 5:35:12 PM org.openqa.selenium.remote.service.DriverService$Builder getLogOutput
INFO: Driver logs no longer sent to console by default; https://www.selenium.dev/documentation/webdriver/drivers/service/#setting-log-output
Jul 27, 2023 5:35:13 PM org.openqa.selenium.devtools.CdpVersionFinder findNearestMatch
WARNING: Unable to find an exact match for CDP version 115, so returning the closest version found: 114
]]></system-err>
  </testcase>
</testsuite>