<?xml version="1.0" encoding="UTF-8"?>
<testng-results ignored="0" total="9" passed="9" failed="0" skipped="0">
  <reporter-output>
  </reporter-output>
  <suite started-at="2023-07-27T17:33:03 IST" name="Suite" finished-at="2023-07-27T17:36:52 IST" duration-ms="228463">
    <groups>
    </groups>
    <test started-at="2023-07-27T17:33:03 IST" name="Test" finished-at="2023-07-27T17:36:52 IST" duration-ms="228463">
      <class name="Com.Ecommerce.TestCases.TC_LoginDataTest">
        <test-method is-config="true" signature="initialization(java.lang.String)[pri:0, instance:Com.Ecommerce.TestCases.TC_LoginDataTest@5f9b2141]" started-at="2023-07-27T17:33:05 IST" name="initialization" finished-at="2023-07-27T17:33:12 IST" duration-ms="6999" status="PASS">
          <params>
            <param index="0">
              <value>
                <![CDATA[Chrome]]>
              </value>
            </param>
          </params>
          <reporter-output>
          </reporter-output>
        </test-method> <!-- initialization -->
        <test-method signature="LoginData(java.lang.String,java.lang.String,java.lang.String)[pri:0, instance:Com.Ecommerce.TestCases.TC_LoginDataTest@5f9b2141]" started-at="2023-07-27T17:33:12 IST" name="LoginData" data-provider="Logindata" finished-at="2023-07-27T17:33:19 IST" duration-ms="6590" status="PASS">
          <params>
            <param index="0">
              <value>
                <![CDATA[Aditya11111@gmail.com]]>
              </value>
            </param>
            <param index="1">
              <value>
                <![CDATA[Aditya@123]]>
              </value>
            </param>
            <param index="2">
              <value>
                <![CDATA[Valid]]>
              </value>
            </param>
          </params>
          <reporter-output>
          </reporter-output>
        </test-method> <!-- LoginData -->
        <test-method is-config="true" signature="Teardown()[pri:0, instance:Com.Ecommerce.TestCases.TC_LoginDataTest@5f9b2141]" started-at="2023-07-27T17:33:19 IST" name="Teardown" finished-at="2023-07-27T17:33:22 IST" duration-ms="3539" status="PASS">
          <reporter-output>
          </reporter-output>
        </test-method> <!-- Teardown -->
        <test-method is-config="true" signature="initialization(java.lang.String)[pri:0, instance:Com.Ecommerce.TestCases.TC_LoginDataTest@5f9b2141]" started-at="2023-07-27T17:33:22 IST" name="initialization" finished-at="2023-07-27T17:33:27 IST" duration-ms="4607" status="PASS">
          <params>
            <param index="0">
              <value>
                <![CDATA[Chrome]]>
              </value>
            </param>
          </params>
          <reporter-output>
          </reporter-output>
        </test-method> <!-- initialization -->
        <test-method signature="LoginData(java.lang.String,java.lang.String,java.lang.String)[pri:0, instance:Com.Ecommerce.TestCases.TC_LoginDataTest@5f9b2141]" started-at="2023-07-27T17:33:27 IST" name="LoginData" data-provider="Logindata" finished-at="2023-07-27T17:33:30 IST" duration-ms="3724" status="PASS">
          <params>
            <param index="0">
              <value>
                <![CDATA[Akash@gmail.com]]>
              </value>
            </param>
            <param index="1">
              <value>
                <![CDATA[Akash@1234]]>
              </value>
            </param>
            <param index="2">
              <value>
                <![CDATA[Invalid]]>
              </value>
            </param>
          </params>
          <reporter-output>
          </reporter-output>
        </test-method> <!-- LoginData -->
        <test-method is-config="true" signature="Teardown()[pri:0, instance:Com.Ecommerce.TestCases.TC_LoginDataTest@5f9b2141]" started-at="2023-07-27T17:33:30 IST" name="Teardown" finished-at="2023-07-27T17:33:34 IST" duration-ms="3408" status="PASS">
          <reporter-output>
          </reporter-output>
        </test-method> <!-- Teardown -->
        <test-method is-config="true" signature="initialization(java.lang.String)[pri:0, instance:Com.Ecommerce.TestCases.TC_LoginDataTest@5f9b2141]" started-at="2023-07-27T17:33:34 IST" name="initialization" finished-at="2023-07-27T17:33:39 IST" duration-ms="4969" status="PASS">
          <params>
            <param index="0">
              <value>
                <![CDATA[Chrome]]>
              </value>
            </param>
          </params>
          <reporter-output>
          </reporter-output>
        </test-method> <!-- initialization -->
        <test-method signature="LoginData(java.lang.String,java.lang.String,java.lang.String)[pri:0, instance:Com.Ecommerce.TestCases.TC_LoginDataTest@5f9b2141]" started-at="2023-07-27T17:33:39 IST" name="LoginData" data-provider="Logindata" finished-at="2023-07-27T17:33:43 IST" duration-ms="3960" status="PASS">
          <params>
            <param index="0">
              <value>
                <![CDATA[Akas1h@gmail.com]]>
              </value>
            </param>
            <param index="1">
              <value>
                <![CDATA[Akash@123]]>
              </value>
            </param>
            <param index="2">
              <value>
                <![CDATA[Invalid]]>
              </value>
            </param>
          </params>
          <reporter-output>
          </reporter-output>
        </test-method> <!-- LoginData -->
        <test-method is-config="true" signature="Teardown()[pri:0, instance:Com.Ecommerce.TestCases.TC_LoginDataTest@5f9b2141]" started-at="2023-07-27T17:33:43 IST" name="Teardown" finished-at="2023-07-27T17:33:46 IST" duration-ms="3382" status="PASS">
          <reporter-output>
          </reporter-output>
        </test-method> <!-- Teardown -->
        <test-method is-config="true" signature="initialization(java.lang.String)[pri:0, instance:Com.Ecommerce.TestCases.TC_LoginDataTest@5f9b2141]" started-at="2023-07-27T17:33:46 IST" name="initialization" finished-at="2023-07-27T17:33:50 IST" duration-ms="3853" status="PASS">
          <params>
            <param index="0">
              <value>
                <![CDATA[Chrome]]>
              </value>
            </param>
          </params>
          <reporter-output>
          </reporter-output>
        </test-method> <!-- initialization -->
        <test-method signature="LoginData(java.lang.String,java.lang.String,java.lang.String)[pri:0, instance:Com.Ecommerce.TestCases.TC_LoginDataTest@5f9b2141]" started-at="2023-07-27T17:33:50 IST" name="LoginData" data-provider="Logindata" finished-at="2023-07-27T17:33:54 IST" duration-ms="3977" status="PASS">
          <params>
            <param index="0">
              <value>
                <![CDATA[Akas@gmail.com]]>
              </value>
            </param>
            <param index="1">
              <value>
                <![CDATA[Akas@1236]]>
              </value>
            </param>
            <param index="2">
              <value>
                <![CDATA[Invalid]]>
              </value>
            </param>
          </params>
          <reporter-output>
          </reporter-output>
        </test-method> <!-- LoginData -->
        <test-method is-config="true" signature="Teardown()[pri:0, instance:Com.Ecommerce.TestCases.TC_LoginDataTest@5f9b2141]" started-at="2023-07-27T17:33:54 IST" name="Teardown" finished-at="2023-07-27T17:33:57 IST" duration-ms="3423" status="PASS">
          <reporter-output>
          </reporter-output>
        </test-method> <!-- Teardown -->
        <test-method is-config="true" signature="initialization(java.lang.String)[pri:0, instance:Com.Ecommerce.TestCases.TC_LoginDataTest@5f9b2141]" started-at="2023-07-27T17:33:57 IST" name="initialization" finished-at="2023-07-27T17:34:01 IST" duration-ms="3539" status="PASS">
          <params>
            <param index="0">
              <value>
                <![CDATA[Chrome]]>
              </value>
            </param>
          </params>
          <reporter-output>
          </reporter-output>
        </test-method> <!-- initialization -->
        <test-method signature="LoginData(java.lang.String,java.lang.String,java.lang.String)[pri:0, instance:Com.Ecommerce.TestCases.TC_LoginDataTest@5f9b2141]" started-at="2023-07-27T17:34:01 IST" name="LoginData" data-provider="Logindata" finished-at="2023-07-27T17:34:04 IST" duration-ms="3293" status="PASS">
          <params>
            <param index="0">
              <value>
                <![CDATA[Akash@gmail.com]]>
              </value>
            </param>
            <param index="1">
              <value>
                <![CDATA[Akash@12371]]>
              </value>
            </param>
            <param index="2">
              <value>
                <![CDATA[Invalid]]>
              </value>
            </param>
          </params>
          <reporter-output>
          </reporter-output>
        </test-method> <!-- LoginData -->
        <test-method is-config="true" signature="Teardown()[pri:0, instance:Com.Ecommerce.TestCases.TC_LoginDataTest@5f9b2141]" started-at="2023-07-27T17:34:04 IST" name="Teardown" finished-at="2023-07-27T17:34:08 IST" duration-ms="3454" status="PASS">
          <reporter-output>
          </reporter-output>
        </test-method> <!-- Teardown -->
      </class> <!-- Com.Ecommerce.TestCases.TC_LoginDataTest -->
      <class name="Com.Ecommerce.TestCases.TC_AddToCart">
        <test-method is-config="true" signature="initialization(java.lang.String)[pri:0, instance:Com.Ecommerce.TestCases.TC_AddToCart@63a12c68]" started-at="2023-07-27T17:34:19 IST" name="initialization" finished-at="2023-07-27T17:34:23 IST" duration-ms="4710" status="PASS">
          <params>
            <param index="0">
              <value>
                <![CDATA[Chrome]]>
              </value>
            </param>
          </params>
          <reporter-output>
          </reporter-output>
        </test-method> <!-- initialization -->
        <test-method signature="AddProduct()[pri:0, instance:Com.Ecommerce.TestCases.TC_AddToCart@63a12c68]" started-at="2023-07-27T17:34:23 IST" name="AddProduct" finished-at="2023-07-27T17:34:55 IST" duration-ms="31470" status="PASS">
          <reporter-output>
          </reporter-output>
        </test-method> <!-- AddProduct -->
        <test-method is-config="true" signature="Teardown()[pri:0, instance:Com.Ecommerce.TestCases.TC_AddToCart@63a12c68]" started-at="2023-07-27T17:34:55 IST" name="Teardown" finished-at="2023-07-27T17:34:58 IST" duration-ms="3556" status="PASS">
          <reporter-output>
          </reporter-output>
        </test-method> <!-- Teardown -->
      </class> <!-- Com.Ecommerce.TestCases.TC_AddToCart -->
      <class name="Com.Ecommerce.TestCases.TC_BrokenLinks">
        <test-method is-config="true" signature="initialization(java.lang.String)[pri:0, instance:Com.Ecommerce.TestCases.TC_BrokenLinks@1b1426f4]" started-at="2023-07-27T17:35:12 IST" name="initialization" finished-at="2023-07-27T17:35:17 IST" duration-ms="5021" status="PASS">
          <params>
            <param index="0">
              <value>
                <![CDATA[Chrome]]>
              </value>
            </param>
          </params>
          <reporter-output>
          </reporter-output>
        </test-method> <!-- initialization -->
        <test-method signature="Broken_Links()[pri:0, instance:Com.Ecommerce.TestCases.TC_BrokenLinks@1b1426f4]" started-at="2023-07-27T17:35:17 IST" name="Broken_Links" finished-at="2023-07-27T17:36:48 IST" duration-ms="91843" status="PASS">
          <reporter-output>
          </reporter-output>
        </test-method> <!-- Broken_Links -->
        <test-method is-config="true" signature="Teardown()[pri:0, instance:Com.Ecommerce.TestCases.TC_BrokenLinks@1b1426f4]" started-at="2023-07-27T17:36:48 IST" name="Teardown" finished-at="2023-07-27T17:36:52 IST" duration-ms="3379" status="PASS">
          <reporter-output>
          </reporter-output>
        </test-method> <!-- Teardown -->
      </class> <!-- Com.Ecommerce.TestCases.TC_BrokenLinks -->
      <class name="Com.Ecommerce.TestCases.TC_NewRegistrationTestCases">
        <test-method is-config="true" signature="initialization(java.lang.String)[pri:0, instance:Com.Ecommerce.TestCases.TC_NewRegistrationTestCases@7e5afaa6]" started-at="2023-07-27T17:34:08 IST" name="initialization" finished-at="2023-07-27T17:34:11 IST" duration-ms="3735" status="PASS">
          <params>
            <param index="0">
              <value>
                <![CDATA[Chrome]]>
              </value>
            </param>
          </params>
          <reporter-output>
          </reporter-output>
        </test-method> <!-- initialization -->
        <test-method signature="Registration()[pri:0, instance:Com.Ecommerce.TestCases.TC_NewRegistrationTestCases@7e5afaa6]" started-at="2023-07-27T17:34:11 IST" name="Registration" finished-at="2023-07-27T17:34:15 IST" duration-ms="3715" status="PASS">
          <reporter-output>
          </reporter-output>
        </test-method> <!-- Registration -->
        <test-method is-config="true" signature="Teardown()[pri:0, instance:Com.Ecommerce.TestCases.TC_NewRegistrationTestCases@7e5afaa6]" started-at="2023-07-27T17:34:15 IST" name="Teardown" finished-at="2023-07-27T17:34:19 IST" duration-ms="3366" status="PASS">
          <reporter-output>
          </reporter-output>
        </test-method> <!-- Teardown -->
      </class> <!-- Com.Ecommerce.TestCases.TC_NewRegistrationTestCases -->
      <class name="Com.Ecommerce.TestCases.TC_LoginApplication">
        <test-method is-config="true" signature="initialization(java.lang.String)[pri:0, instance:Com.Ecommerce.TestCases.TC_LoginApplication@28f3b248]" started-at="2023-07-27T17:34:58 IST" name="initialization" finished-at="2023-07-27T17:35:02 IST" duration-ms="3775" status="PASS">
          <params>
            <param index="0">
              <value>
                <![CDATA[Chrome]]>
              </value>
            </param>
          </params>
          <reporter-output>
          </reporter-output>
        </test-method> <!-- initialization -->
        <test-method signature="Login()[pri:0, instance:Com.Ecommerce.TestCases.TC_LoginApplication@28f3b248]" started-at="2023-07-27T17:35:02 IST" name="Login" finished-at="2023-07-27T17:35:08 IST" duration-ms="6140" status="PASS">
          <reporter-output>
          </reporter-output>
        </test-method> <!-- Login -->
        <test-method is-config="true" signature="Teardown()[pri:0, instance:Com.Ecommerce.TestCases.TC_LoginApplication@28f3b248]" started-at="2023-07-27T17:35:08 IST" name="Teardown" finished-at="2023-07-27T17:35:12 IST" duration-ms="3435" status="PASS">
          <reporter-output>
          </reporter-output>
        </test-method> <!-- Teardown -->
      </class> <!-- Com.Ecommerce.TestCases.TC_LoginApplication -->
    </test> <!-- Test -->
  </suite> <!-- Suite -->
</testng-results>
